Compiled jquery.js  (3ms)  (pid 2716)
Compiled jquery_ujs.js  (0ms)  (pid 2716)
Compiled bootstrap.js  (1ms)  (pid 2716)
Compiled bootstrap-scrollspy.js  (0ms)  (pid 2716)
Compiled bootstrap.min.js  (0ms)  (pid 2716)
Compiled bs-needs-login.js  (270ms)  (pid 2716)
Compiled errors.js  (76ms)  (pid 2716)
Compiled home.js  (61ms)  (pid 2716)
Compiled jquery-1.10.2.min.js  (1ms)  (pid 2716)
Compiled sessions.js  (100ms)  (pid 2716)
Compiled users.js  (111ms)  (pid 2716)
Compiled application.js  (942ms)  (pid 2716)
Compiled _coloresw8.css  (13ms)  (pid 2716)
Compiled bootstrap.css  (1ms)  (pid 2716)
Compiled bootstrap_and_overrides.css  (3697ms)  (pid 2716)
Compiled errors.css  (2ms)  (pid 2716)
Compiled home.css  (40ms)  (pid 2716)
Compiled scaffolds.css  (1ms)  (pid 2716)
Compiled sessions.css  (10ms)  (pid 2716)
Compiled users.css  (3ms)  (pid 2716)
Compiled font-awesome.css  (102ms)  (pid 2716)
Compiled application.css  (4021ms)  (pid 2716)
Compiled jquery.js  (3ms)  (pid 898)
Compiled jquery_ujs.js  (0ms)  (pid 898)
Compiled bootstrap.js  (1ms)  (pid 898)
Compiled bootstrap-scrollspy.js  (0ms)  (pid 898)
Compiled bootstrap.min.js  (0ms)  (pid 898)
Compiled bs-needs-login.js  (222ms)  (pid 898)
Compiled errors.js  (64ms)  (pid 898)
Compiled home.js  (99ms)  (pid 898)
Compiled jquery-1.10.2.min.js  (1ms)  (pid 898)
Compiled sessions.js  (63ms)  (pid 898)
Compiled users.js  (62ms)  (pid 898)
Compiled application.js  (983ms)  (pid 898)
Compiled _coloresw8.css  (9ms)  (pid 898)
Compiled bootstrap.css  (0ms)  (pid 898)
Compiled bootstrap_and_overrides.css  (3241ms)  (pid 898)
Compiled errors.css  (2ms)  (pid 898)
Compiled home.css  (83ms)  (pid 898)
Compiled scaffolds.css  (1ms)  (pid 898)
Compiled sessions.css  (11ms)  (pid 898)
Compiled users.css  (3ms)  (pid 898)
Compiled font-awesome.css  (87ms)  (pid 898)
Compiled application.css  (3686ms)  (pid 898)
Compiled jquery.js  (2ms)  (pid 898)
Compiled jquery_ujs.js  (0ms)  (pid 898)
Compiled bootstrap.js  (0ms)  (pid 898)
Compiled bootstrap-scrollspy.js  (0ms)  (pid 898)
Compiled bootstrap.min.js  (0ms)  (pid 898)
Compiled bs-needs-login.js  (116ms)  (pid 898)
Compiled errors.js  (110ms)  (pid 898)
Compiled home.js  (62ms)  (pid 898)
Compiled jquery-1.10.2.min.js  (0ms)  (pid 898)
Compiled sessions.js  (66ms)  (pid 898)
Compiled users.js  (60ms)  (pid 898)
Compiled application.js  (524ms)  (pid 898)
Compiled _coloresw8.css  (6ms)  (pid 898)
Compiled bootstrap.css  (0ms)  (pid 898)
Compiled bootstrap_and_overrides.css  (3171ms)  (pid 898)
Compiled errors.css  (1ms)  (pid 898)
Compiled home.css  (65ms)  (pid 898)
Compiled scaffolds.css  (1ms)  (pid 898)
Compiled sessions.css  (11ms)  (pid 898)
Compiled users.css  (3ms)  (pid 898)
Compiled font-awesome.css  (20ms)  (pid 898)
Compiled application.css  (3346ms)  (pid 898)
